\BOOKMARK [0][-]{titelblad.0}{Titelblad}{}% 1
\BOOKMARK [0][-]{chapter.1}{Introduction}{}% 2
\BOOKMARK [0][-]{chapter.2}{Method}{}% 3
\BOOKMARK [1][-]{section.2.1}{Nature of the problem}{chapter.2}% 4
\BOOKMARK [2][-]{subsection.2.1.1}{Integral Written in Cartesian and Spherical Coordinates}{section.2.1}% 5
\BOOKMARK [1][-]{section.2.2}{Gauss-Legendre Method for Computing the Integral}{chapter.2}% 6
\BOOKMARK [1][-]{section.2.3}{Generation of Legendre Polynomials}{chapter.2}% 7
\BOOKMARK [2][-]{subsection.2.3.1}{Test of the Legendre Polynomial Generation}{section.2.3}% 8
\BOOKMARK [1][-]{section.2.4}{Laguerre Method for Computing the Integral}{chapter.2}% 9
\BOOKMARK [1][-]{section.2.5}{Monte Carlo Method}{chapter.2}% 10
\BOOKMARK [2][-]{subsection.2.5.1}{Brute force method}{section.2.5}% 11
\BOOKMARK [2][-]{subsection.2.5.2}{Improved Monto Carlo Method}{section.2.5}% 12
\BOOKMARK [0][-]{chapter.3}{Results and Discussion}{}% 13
\BOOKMARK [1][-]{section.3.1}{Solving the Integral by the Gauss-Legendre Method}{chapter.3}% 14
\BOOKMARK [1][-]{section.3.2}{Solving the Integral by the Laguerre Method}{chapter.3}% 15
\BOOKMARK [1][-]{section.3.3}{Monte Carlo method}{chapter.3}% 16
\BOOKMARK [2][-]{subsection.3.3.1}{Brute force}{section.3.3}% 17
\BOOKMARK [1][-]{section.3.4}{Computational Time for each Method}{chapter.3}% 18
\BOOKMARK [0][-]{chapter.4}{Conclusion}{}% 19
\BOOKMARK [0][-]{section*.4}{Bibliography}{}% 20
